4/13/2015 10:40:39 PM : 0x0B
4/15/2015 8:38:49 PM : 0x0B
4/15/2015 8:38:59 PM : 0x0B
4/15/2015 10:04:46 PM : 0x0F
4/15/2015 10:04:56 PM : 0x0F
4/17/2015 8:14:44 PM : 0x01
4/17/2015 9:51:53 PM : 0x01
4/18/2015 5:34:58 PM : 0x01
4/19/2015 5:34:21 AM : 0x0F
4/19/2015 5:39:38 AM : 0x0F
4/19/2015 5:45:28 AM : 0x0F
4/19/2015 5:51:11 AM : 0x0F
4/19/2015 6:02:34 AM : 0x0F
4/19/2015 6:40:43 AM : 0x0F
4/19/2015 6:43:52 AM : 0x0F
4/19/2015 6:43:59 AM : 0x0F
4/19/2015 7:16:25 AM : 0x0F
4/19/2015 7:37:16 AM : 0x0F
4/19/2015 7:38:28 AM : 0x0F
4/19/2015 7:50:07 AM : 0x0F
4/19/2015 7:50:28 AM : 0x0F
4/19/2015 7:55:24 AM : 0x01
4/19/2015 7:55:38 AM : 0x01
4/19/2015 8:06:49 AM : 0x01
4/19/2015 8:18:42 AM : 0x01
4/19/2015 8:23:00 AM : 0x01
4/19/2015 8:36:11 AM : 0x01
4/19/2015 8:07:41 PM : 0x01
4/19/2015 8:07:45 PM : 0x01
4/19/2015 8:07:47 PM : 0x01
4/19/2015 8:07:50 PM : 0x01
4/19/2015 8:22:00 PM : 0x01
4/19/2015 8:27:41 PM : 0x01
4/22/2015 10:53:22 PM : 0x14
4/22/2015 11:06:27 PM : 0x01
4/25/2015 10:01:08 PM : 0x0F
4/25/2015 10:03:02 PM : 0x0F
4/25/2015 11:02:09 PM : 0x01
4/25/2015 11:05:40 PM : 0x01
4/27/2015 12:30:08 AM : 0x01
4/27/2015 12:31:52 AM : 0x01
4/27/2015 12:32:51 AM : 0x01
4/29/2015 12:40:12 AM : 0x01
4/29/2015 9:47:49 PM : 0x0F
4/29/2015 9:59:15 PM : 0x01
4/30/2015 2:21:42 AM : 0x01
4/30/2015 2:38:44 AM : 0x01
4/30/2015 2:38:48 AM : 0x01
4/30/2015 8:18:36 PM : 0x01
4/30/2015 11:50:17 PM : 0x0F
5/1/2015 12:06:06 AM : 0x0F
5/1/2015 12:44:13 AM : 0x0F
5/1/2015 1:09:58 AM : 0x01
5/3/2015 10:59:10 PM : 0x0F
5/9/2015 2:45:54 PM : 0x0F
5/9/2015 5:12:32 PM : 0x0B
5/9/2015 6:22:23 PM : 0x0F
5/9/2015 6:52:54 PM : 0x01
5/9/2015 6:56:12 PM : 0x01
5/9/2015 10:28:37 PM : 0x01
5/9/2015 10:45:09 PM : 0x01
5/9/2015 10:48:27 PM : 0x01
5/11/2015 8:01:37 PM : 0x01
5/11/2015 8:02:41 PM : 0x0B
5/14/2015 10:05:40 PM : 0x0F
5/20/2015 9:51:10 PM : 0x0F
5/20/2015 9:51:42 PM : 0x0F
5/20/2015 9:54:01 PM : 0x0F
5/20/2015 9:54:28 PM : 0x0F
5/20/2015 10:00:56 PM : 0x0F
5/20/2015 10:01:22 PM : 0x0F
5/20/2015 10:03:57 PM : 0x0F
5/20/2015 10:09:11 PM : 0x0F
5/20/2015 10:09:36 PM : 0x0F
5/21/2015 1:11:14 AM : 0x0F
5/21/2015 1:12:28 AM : 0x0F
5/21/2015 1:16:23 AM : 0x0F
5/21/2015 2:11:53 AM : 0x01
5/21/2015 2:19:52 AM : 0x01
5/21/2015 2:35:58 AM : 0x01
5/21/2015 2:39:26 AM : 0x0B
5/23/2015 10:46:47 PM : 0x0F
5/24/2015 8:21:12 PM : 0x0F
5/24/2015 8:24:06 PM : 0x0F
5/24/2015 8:36:59 PM : 0x01
5/24/2015 8:38:56 PM : 0x01
5/24/2015 8:39:04 PM : 0x01
5/25/2015 6:06:32 AM : 0x0F
5/26/2015 6:53:25 AM : 0x0F
5/26/2015 6:53:57 AM : 0x0F
5/26/2015 7:03:06 AM : 0x0F
5/26/2015 5:19:37 PM : 0x0F
5/26/2015 5:47:54 PM : 0x0F
5/26/2015 5:51:51 PM : 0x0F
5/26/2015 6:06:43 PM : 0x01
5/27/2015 12:38:02 AM : 0x01
5/27/2015 12:56:43 AM : 0x0F
5/27/2015 2:04:30 AM : 0x0F
5/27/2015 2:32:54 AM : 0x0F
5/28/2015 3:39:17 AM : 0x01
5/28/2015 3:39:20 AM : 0x01
5/28/2015 3:41:30 AM : 0x01
5/28/2015 3:41:50 AM : 0x01
5/29/2015 6:55:22 PM : 0x01
5/30/2015 1:08:22 AM : 0x0B
5/30/2015 1:08:29 AM : 0x0E
5/30/2015 4:45:16 AM : 0x0B
6/2/2015 8:47:37 PM : 0x0F
6/2/2015 8:51:20 PM : 0x0F
6/3/2015 3:35:30 AM : 0x0F
6/3/2015 3:44:35 AM : 0x0F
6/6/2015 8:09:46 PM : 0x01
6/6/2015 8:11:26 PM : 0x01
6/8/2015 3:03:56 AM : 0x01
6/11/2015 7:04:46 AM : 0x0F
6/11/2015 7:04:46 AM : 0x0F
6/11/2015 7:04:46 AM : 0x0F
6/11/2015 7:04:55 AM : 0x0F
6/11/2015 7:04:55 AM : 0x0F
6/11/2015 7:04:55 AM : 0x0F
6/11/2015 7:08:50 AM : 0x0F
6/11/2015 7:25:27 AM : 0x0F
6/11/2015 7:25:40 AM : 0x0F
6/11/2015 7:26:07 AM : 0x0F
6/11/2015 7:26:07 AM : 0x0F
6/11/2015 7:26:14 AM : 0x0F
6/11/2015 12:13:35 PM : 0x01
6/11/2015 12:14:13 PM : 0x01
6/11/2015 12:21:41 PM : 0x01
6/11/2015 11:33:53 PM : 0x0F
6/12/2015 2:19:46 AM : 0x01
6/20/2015 9:17:45 PM : 0x0F
6/20/2015 9:20:10 PM : 0x0F
6/20/2015 9:20:31 PM : 0x0F
7/4/2015 4:48:55 PM : 0x0F
