7/27/2015 8:29:02 PM : 0x01
7/27/2015 8:33:07 PM : 0x01
7/28/2015 4:35:05 PM : 0x01
7/28/2015 10:35:13 PM : 0x0E
8/4/2015 9:04:45 PM : 0x0E
8/4/2015 9:04:53 PM : 0x0E
8/4/2015 9:33:35 PM : 0x0B
8/6/2015 5:19:34 AM : 0x01
8/6/2015 5:20:04 AM : 0x01
8/6/2015 5:29:54 AM : 0x0F
8/6/2015 5:34:42 AM : 0x0F
8/6/2015 5:50:50 AM : 0x0B
8/6/2015 6:06:11 AM : 0x0F
8/6/2015 6:06:24 AM : 0x0F
8/6/2015 6:20:46 AM : 0x01
8/6/2015 6:21:29 AM : 0x01
8/6/2015 6:47:58 AM : 0x01
8/6/2015 6:49:56 AM : 0x01
8/6/2015 9:46:37 AM : 0x01
8/6/2015 9:47:26 AM : 0x01
8/6/2015 8:08:41 PM : 0x01
8/7/2015 2:26:01 AM : 0x0B
8/9/2015 3:22:15 PM : 0x01
8/11/2015 4:16:50 AM : 0x01
8/12/2015 8:36:49 PM : 0x01
8/12/2015 8:37:33 PM : 0x01
8/15/2015 2:08:18 AM : 0x01
8/19/2015 11:25:42 PM : 0x0E
8/23/2015 5:49:28 AM : 0x01
8/27/2015 7:52:56 PM : 0x01
12/5/2015 3:38:44 AM : 0x0B
12/5/2015 3:48:43 AM : 0x0B
